<?xml version="1.0" encoding="UTF-8"?>
<!-- Generated by org.testng.reporters.JUnitReportReporter -->
<testsuite hostname="DESKTOP-NI501M3" failures="0" tests="1" name="Guru99.TestCases.TC_Login001" time="0.615" errors="0" timestamp="2021-06-07T12:42:06 CDT" skipped="0">
  <testcase classname="Guru99.TestCases.TC_Login001" name="logintest" time="0.615"/>
  <system-out/>
</testsuite> <!-- Guru99.TestCases.TC_Login001 -->
